<?xml version="1.0" encoding="UTF-8"?>
<testsuite name="com.example.DataGeneratorServiceTest" tests="3" skipped="0" failures="0" errors="0" timestamp="2024-02-07T10:46:30" hostname="hmz-XPS-13-9305" time="0.121">
  <properties/>
  <testcase name="testGenerateJsonStringWithPrefixForDeleteToken()" classname="com.example.DataGeneratorServiceTest" time="0.117"/>
  <testcase name="testGenerateJsonStringWithPrefixForTokenisation()" classname="com.example.DataGeneratorServiceTest" time="0.001"/>
  <testcase name="testGenerateJsonStringWithPrefixForCostoDetokenisation()" classname="com.example.DataGeneratorServiceTest" time="0.001"/>
  <system-out><![CDATA[]]></system-out>
  <system-err><![CDATA[]]></system-err>
</testsuite>
