<?xml version="1.0" encoding="UTF-8"?>
<testsuite name="com.example.EncryptionServiceTest" tests="1" skipped="0" failures="0" errors="0" timestamp="2024-02-07T10:46:30" hostname="hmz-XPS-13-9305" time="0.204">
  <properties/>
  <testcase name="testEncryptService()" classname="com.example.EncryptionServiceTest" time="0.204"/>
  <system-out><![CDATA[]]></system-out>
  <system-err><![CDATA[]]></system-err>
</testsuite>
