<?xml version="1.0" encoding="UTF-8"?>
<testsuite name="com.example.JsonAndEncryptionTest" tests="1" skipped="0" failures="0" errors="0" timestamp="2024-02-07T10:46:30" hostname="hmz-XPS-13-9305" time="0.138">
  <properties/>
  <testcase name="testJsonGenerationAndEncryption()" classname="com.example.JsonAndEncryptionTest" time="0.138"/>
  <system-out><![CDATA[tokenisation
{
  "CustMsgId" : "0123456789012345",
  "CustCnxId" : "123456654321",
  "OperationsList" : [ {
    "OperationId" : "YJGqnYA7RQXZ46vy",
    "SensitiveData" : "D0clc7zP9lVCYrocgq8X",
    "SensitiveDataType" : "01"
  }, {
    "OperationId" : "KML8jerPwiKwfiGl",
    "SensitiveData" : "Qzy8cKlDLK6HBOHUTTTP",
    "SensitiveDataType" : "01"
  }, {
    "OperationId" : "Q9rrTUO5DMKR3pMd",
    "SensitiveData" : "WlJHRnn9hhEqNCsJ2vVE",
    "SensitiveDataType" : "01"
  }, {
    "OperationId" : "pnSNuLwNRcM77HPt",
    "SensitiveData" : "zv40pTIFJzRuFKtum1sL",
    "SensitiveDataType" : "01"
  }, {
    "OperationId" : "XccXY67CkficTxxP",
    "SensitiveData" : "iZ0auGLFMy2RcU1utYnC",
    "SensitiveDataType" : "01"
  } ]
}
]]></system-out>
  <system-err><![CDATA[]]></system-err>
</testsuite>
